2021-04-11 09:05:57 26988 [Note] Plugin 'FEDERATED' is disabled.
2021-04-11 09:05:57 26988 [Note] InnoDB: Using mutexes to ref count buffer pool pages
2021-04-11 09:05:57 26988 [Note] InnoDB: The InnoDB memory heap is disabled
2021-04-11 09:05:57 26988 [Note] InnoDB: Mutexes and rw_locks use InnoDB's own implementation
2021-04-11 09:05:57 26988 [Note] InnoDB: Memory barrier is not used
2021-04-11 09:05:57 26988 [Warning] InnoDB: MySQL was built without a memory barrier capability on this architecture, which might allow a mutex/rw_lock violation under high thread concurrency. This may cause a hang.
2021-04-11 09:05:57 26988 [Note] InnoDB: Compressed tables use zlib 1.2.3
2021-04-11 09:05:57 26988 [Note] InnoDB: Not using CPU crc32 instructions
2021-04-11 09:05:57 26988 [Note] InnoDB: Initializing buffer pool, size = 128.0M
2021-04-11 09:05:57 26988 [Note] InnoDB: Completed initialization of buffer pool
2021-04-11 09:05:57 26988 [Note] InnoDB: Highest supported file format is Barracuda.
2021-04-11 09:05:57 26988 [Note] InnoDB: 128 rollback segment(s) are active.
2021-04-11 09:05:57 26988 [Note] InnoDB: Waiting for purge to start
2021-04-11 09:05:57 26988 [Note] InnoDB: 5.6.38 started; log sequence number 1625987
2021-04-11 09:05:57 26988 [Warning] No existing UUID has been found, so we assume that this is the first time that this server has been started. Generating a new UUID: 5d295675-9a94-11eb-9d82-2a6680501162.
2021-04-11 09:05:57 26988 [Note] Server hostname (bind-address): '*'; port: 3306
2021-04-11 09:05:57 26988 [Note] IPv6 is available.
2021-04-11 09:05:57 26988 [Note]   - '::' resolves to '::';
2021-04-11 09:05:57 26988 [Note] Server socket created on IP: '::'.
2021-04-11 09:05:57 26988 [Note] Event Scheduler: Loaded 0 events
2021-04-11 09:05:57 26988 [Note] /data/user/0/ru.kslabs.ksweb/components/mysql/sbin/mysqld: ready for connections.
Version: '5.6.38'  socket: '/data/data/ru.kslabs.ksweb/tmp/mysql.sock'  port: 3306  Source distribution
2021-04-11 09:18:38 31234 [Note] Plugin 'FEDERATED' is disabled.
2021-04-11 09:18:38 31234 [Note] InnoDB: Using mutexes to ref count buffer pool pages
2021-04-11 09:18:38 31234 [Note] InnoDB: The InnoDB memory heap is disabled
2021-04-11 09:18:38 31234 [Note] InnoDB: Mutexes and rw_locks use InnoDB's own implementation
2021-04-11 09:18:38 31234 [Note] InnoDB: Memory barrier is not used
2021-04-11 09:18:38 31234 [Warning] InnoDB: MySQL was built without a memory barrier capability on this architecture, which might allow a mutex/rw_lock violation under high thread concurrency. This may cause a hang.
2021-04-11 09:18:38 31234 [Note] InnoDB: Compressed tables use zlib 1.2.3
2021-04-11 09:18:38 31234 [Note] InnoDB: Not using CPU crc32 instructions
2021-04-11 09:18:38 31234 [Note] InnoDB: Initializing buffer pool, size = 128.0M
2021-04-11 09:18:38 31234 [Note] InnoDB: Completed initialization of buffer pool
2021-04-11 09:18:38 31234 [Note] InnoDB: Highest supported file format is Barracuda.
2021-04-11 09:18:38 31234 [Note] InnoDB: The log sequence numbers 1625987 and 1625987 in ibdata files do not match the log sequence number 1625997 in the ib_logfiles!
2021-04-11 09:18:38 31234 [Note] InnoDB: Database was not shutdown normally!
2021-04-11 09:18:38 31234 [Note] InnoDB: Starting crash recovery.
2021-04-11 09:18:38 31234 [Note] InnoDB: Reading tablespace information from the .ibd files...
2021-04-11 09:18:39 31234 [Note] InnoDB: Restoring possible half-written data pages 
2021-04-11 09:18:39 31234 [Note] InnoDB: from the doublewrite buffer...
2021-04-11 09:18:39 31234 [Note] InnoDB: 128 rollback segment(s) are active.
2021-04-11 09:18:39 31234 [Note] InnoDB: Waiting for purge to start
2021-04-11 09:18:39 31234 [Note] InnoDB: 5.6.38 started; log sequence number 1625997
2021-04-11 09:18:39 31234 [Note] Server hostname (bind-address): '*'; port: 3306
2021-04-11 09:18:39 31234 [Note] IPv6 is available.
2021-04-11 09:18:39 31234 [Note]   - '::' resolves to '::';
2021-04-11 09:18:39 31234 [Note] Server socket created on IP: '::'.
2021-04-11 09:18:39 31234 [Note] Event Scheduler: Loaded 0 events
2021-04-11 09:18:39 31234 [Note] /data/user/0/ru.kslabs.ksweb/components/mysql/sbin/mysqld: ready for connections.
Version: '5.6.38'  socket: '/data/data/ru.kslabs.ksweb/tmp/mysql.sock'  port: 3306  Source distribution
2021-04-11 09:24:05 31234 [Note] /data/user/0/ru.kslabs.ksweb/components/mysql/sbin/mysqld: Normal shutdown

2021-04-11 09:24:05 31234 [Note] Giving 0 client threads a chance to die gracefully
2021-04-11 09:24:05 31234 [Note] Event Scheduler: Purging the queue. 0 events
2021-04-11 09:24:05 31234 [Note] Shutting down slave threads
2021-04-11 09:24:05 31234 [Note] Forcefully disconnecting 0 remaining clients
2021-04-11 09:24:05 31234 [Note] Binlog end
2021-04-11 09:24:05 31234 [Note] Shutting down plugin 'partition'
2021-04-11 09:24:05 31234 [Note] Shutting down plugin 'PERFORMANCE_SCHEMA'
2021-04-11 09:24:05 31234 [Note] Shutting down plugin 'BLACKHOLE'
2021-04-11 09:24:05 31234 [Note] Shutting down plugin 'ARCHIVE'
2021-04-11 09:24:05 31234 [Note] Shutting down plugin 'INNODB_SYS_DATAFILES'
2021-04-11 09:24:05 31234 [Note] Shutting down plugin 'INNODB_SYS_TABLESPACES'
2021-04-11 09:24:05 31234 [Note] Shutting down plugin 'INNODB_SYS_FOREIGN_COLS'
2021-04-11 09:24:05 31234 [Note] Shutting down plugin 'INNODB_SYS_FOREIGN'
2021-04-11 09:24:05 31234 [Note] Shutting down plugin 'INNODB_SYS_FIELDS'
2021-04-11 09:24:05 31234 [Note] Shutting down plugin 'INNODB_SYS_COLUMNS'
2021-04-11 09:24:05 31234 [Note] Shutting down plugin 'INNODB_SYS_INDEXES'
2021-04-11 09:24:05 31234 [Note] Shutting down plugin 'INNODB_SYS_TABLESTATS'
2021-04-11 09:24:05 31234 [Note] Shutting down plugin 'INNODB_SYS_TABLES'
2021-04-11 09:24:05 31234 [Note] Shutting down plugin 'INNODB_FT_INDEX_TABLE'
2021-04-11 09:24:05 31234 [Note] Shutting down plugin 'INNODB_FT_INDEX_CACHE'
2021-04-11 09:24:05 31234 [Note] Shutting down plugin 'INNODB_FT_CONFIG'
2021-04-11 09:24:05 31234 [Note] Shutting down plugin 'INNODB_FT_BEING_DELETED'
2021-04-11 09:24:05 31234 [Note] Shutting down plugin 'INNODB_FT_DELETED'
2021-04-11 09:24:05 31234 [Note] Shutting down plugin 'INNODB_FT_DEFAULT_STOPWORD'
2021-04-11 09:24:05 31234 [Note] Shutting down plugin 'INNODB_METRICS'
2021-04-11 09:24:05 31234 [Note] Shutting down plugin 'INNODB_BUFFER_POOL_STATS'
2021-04-11 09:24:05 31234 [Note] Shutting down plugin 'INNODB_BUFFER_PAGE_LRU'
2021-04-11 09:24:05 31234 [Note] Shutting down plugin 'INNODB_BUFFER_PAGE'
2021-04-11 09:24:05 31234 [Note] Shutting down plugin 'INNODB_CMP_PER_INDEX_RESET'
2021-04-11 09:24:05 31234 [Note] Shutting down plugin 'INNODB_CMP_PER_INDEX'
2021-04-11 09:24:05 31234 [Note] Shutting down plugin 'INNODB_CMPMEM_RESET'
2021-04-11 09:24:05 31234 [Note] Shutting down plugin 'INNODB_CMPMEM'
2021-04-11 09:24:05 31234 [Note] Shutting down plugin 'INNODB_CMP_RESET'
2021-04-11 09:24:05 31234 [Note] Shutting down plugin 'INNODB_CMP'
2021-04-11 09:24:05 31234 [Note] Shutting down plugin 'INNODB_LOCK_WAITS'
2021-04-11 09:24:05 31234 [Note] Shutting down plugin 'INNODB_LOCKS'
2021-04-11 09:24:05 31234 [Note] Shutting down plugin 'INNODB_TRX'
2021-04-11 09:24:05 31234 [Note] Shutting down plugin 'InnoDB'
2021-04-11 09:24:05 31234 [Note] InnoDB: FTS optimize thread exiting.
2021-04-11 09:24:05 31234 [Note] InnoDB: Starting shutdown...
2021-04-11 09:24:06 31234 [Note] InnoDB: Shutdown completed; log sequence number 1626007
2021-04-11 09:24:06 31234 [Note] Shutting down plugin 'MRG_MYISAM'
2021-04-11 09:24:06 31234 [Note] Shutting down plugin 'MyISAM'
2021-04-11 09:24:06 31234 [Note] Shutting down plugin 'MEMORY'
2021-04-11 09:24:06 31234 [Note] Shutting down plugin 'CSV'
2021-04-11 09:24:06 31234 [Note] Shutting down plugin 'sha256_password'
2021-04-11 09:24:06 31234 [Note] Shutting down plugin 'mysql_old_password'
2021-04-11 09:24:06 31234 [Note] Shutting down plugin 'mysql_native_password'
2021-04-11 09:24:06 31234 [Note] Shutting down plugin 'binlog'
2021-04-11 09:24:06 31234 [Note] /data/user/0/ru.kslabs.ksweb/components/mysql/sbin/mysqld: Shutdown complete

2021-04-11 09:24:09 2887 [Note] Plugin 'FEDERATED' is disabled.
2021-04-11 09:24:09 2887 [Note] InnoDB: Using mutexes to ref count buffer pool pages
2021-04-11 09:24:09 2887 [Note] InnoDB: The InnoDB memory heap is disabled
2021-04-11 09:24:09 2887 [Note] InnoDB: Mutexes and rw_locks use InnoDB's own implementation
2021-04-11 09:24:09 2887 [Note] InnoDB: Memory barrier is not used
2021-04-11 09:24:09 2887 [Warning] InnoDB: MySQL was built without a memory barrier capability on this architecture, which might allow a mutex/rw_lock violation under high thread concurrency. This may cause a hang.
2021-04-11 09:24:09 2887 [Note] InnoDB: Compressed tables use zlib 1.2.3
2021-04-11 09:24:09 2887 [Note] InnoDB: Not using CPU crc32 instructions
2021-04-11 09:24:09 2887 [Note] InnoDB: Initializing buffer pool, size = 128.0M
2021-04-11 09:24:09 2887 [Note] InnoDB: Completed initialization of buffer pool
2021-04-11 09:24:09 2887 [Note] InnoDB: Highest supported file format is Barracuda.
2021-04-11 09:24:09 2887 [Note] InnoDB: 128 rollback segment(s) are active.
2021-04-11 09:24:09 2887 [Note] InnoDB: Waiting for purge to start
2021-04-11 09:24:09 2887 [Note] InnoDB: 5.6.38 started; log sequence number 1626007
2021-04-11 09:24:09 2887 [Note] Server hostname (bind-address): '*'; port: 3306
2021-04-11 09:24:09 2887 [Note] IPv6 is available.
2021-04-11 09:24:09 2887 [Note]   - '::' resolves to '::';
2021-04-11 09:24:09 2887 [Note] Server socket created on IP: '::'.
2021-04-11 09:24:09 2887 [Note] Event Scheduler: Loaded 0 events
2021-04-11 09:24:09 2887 [Note] /data/user/0/ru.kslabs.ksweb/components/mysql/sbin/mysqld: ready for connections.
Version: '5.6.38'  socket: '/data/data/ru.kslabs.ksweb/tmp/mysql.sock'  port: 3306  Source distribution
2021-04-11 09:25:35 2887 [Note] /data/user/0/ru.kslabs.ksweb/components/mysql/sbin/mysqld: Normal shutdown

2021-04-11 09:25:35 2887 [Note] Giving 0 client threads a chance to die gracefully
2021-04-11 09:25:35 2887 [Note] Event Scheduler: Purging the queue. 0 events
2021-04-11 09:25:35 2887 [Note] Shutting down slave threads
2021-04-11 09:25:35 2887 [Note] Forcefully disconnecting 0 remaining clients
2021-04-11 09:25:35 2887 [Note] Binlog end
2021-04-11 09:25:35 2887 [Note] Shutting down plugin 'partition'
2021-04-11 09:25:35 2887 [Note] Shutting down plugin 'PERFORMANCE_SCHEMA'
2021-04-11 09:25:35 2887 [Note] Shutting down plugin 'BLACKHOLE'
2021-04-11 09:25:35 2887 [Note] Shutting down plugin 'ARCHIVE'
2021-04-11 09:25:35 2887 [Note] Shutting down plugin 'INNODB_SYS_DATAFILES'
2021-04-11 09:25:35 2887 [Note] Shutting down plugin 'INNODB_SYS_TABLESPACES'
2021-04-11 09:25:35 2887 [Note] Shutting down plugin 'INNODB_SYS_FOREIGN_COLS'
2021-04-11 09:25:35 2887 [Note] Shutting down plugin 'INNODB_SYS_FOREIGN'
2021-04-11 09:25:35 2887 [Note] Shutting down plugin 'INNODB_SYS_FIELDS'
2021-04-11 09:25:35 2887 [Note] Shutting down plugin 'INNODB_SYS_COLUMNS'
2021-04-11 09:25:35 2887 [Note] Shutting down plugin 'INNODB_SYS_INDEXES'
2021-04-11 09:25:35 2887 [Note] Shutting down plugin 'INNODB_SYS_TABLESTATS'
2021-04-11 09:25:35 2887 [Note] Shutting down plugin 'INNODB_SYS_TABLES'
2021-04-11 09:25:35 2887 [Note] Shutting down plugin 'INNODB_FT_INDEX_TABLE'
2021-04-11 09:25:35 2887 [Note] Shutting down plugin 'INNODB_FT_INDEX_CACHE'
2021-04-11 09:25:35 2887 [Note] Shutting down plugin 'INNODB_FT_CONFIG'
2021-04-11 09:25:35 2887 [Note] Shutting down plugin 'INNODB_FT_BEING_DELETED'
2021-04-11 09:25:35 2887 [Note] Shutting down plugin 'INNODB_FT_DELETED'
2021-04-11 09:25:35 2887 [Note] Shutting down plugin 'INNODB_FT_DEFAULT_STOPWORD'
2021-04-11 09:25:35 2887 [Note] Shutting down plugin 'INNODB_METRICS'
2021-04-11 09:25:35 2887 [Note] Shutting down plugin 'INNODB_BUFFER_POOL_STATS'
2021-04-11 09:25:35 2887 [Note] Shutting down plugin 'INNODB_BUFFER_PAGE_LRU'
2021-04-11 09:25:35 2887 [Note] Shutting down plugin 'INNODB_BUFFER_PAGE'
2021-04-11 09:25:35 2887 [Note] Shutting down plugin 'INNODB_CMP_PER_INDEX_RESET'
2021-04-11 09:25:35 2887 [Note] Shutting down plugin 'INNODB_CMP_PER_INDEX'
2021-04-11 09:25:35 2887 [Note] Shutting down plugin 'INNODB_CMPMEM_RESET'
2021-04-11 09:25:35 2887 [Note] Shutting down plugin 'INNODB_CMPMEM'
2021-04-11 09:25:35 2887 [Note] Shutting down plugin 'INNODB_CMP_RESET'
2021-04-11 09:25:35 2887 [Note] Shutting down plugin 'INNODB_CMP'
2021-04-11 09:25:35 2887 [Note] Shutting down plugin 'INNODB_LOCK_WAITS'
2021-04-11 09:25:35 2887 [Note] Shutting down plugin 'INNODB_LOCKS'
2021-04-11 09:25:35 2887 [Note] Shutting down plugin 'INNODB_TRX'
2021-04-11 09:25:35 2887 [Note] Shutting down plugin 'InnoDB'
2021-04-11 09:25:35 2887 [Note] InnoDB: FTS optimize thread exiting.
2021-04-11 09:25:35 2887 [Note] InnoDB: Starting shutdown...
2021-04-11 09:25:36 2887 [Note] InnoDB: Shutdown completed; log sequence number 1626017
2021-04-11 09:25:36 2887 [Note] Shutting down plugin 'MRG_MYISAM'
2021-04-11 09:25:36 2887 [Note] Shutting down plugin 'MyISAM'
2021-04-11 09:25:36 2887 [Note] Shutting down plugin 'MEMORY'
2021-04-11 09:25:36 2887 [Note] Shutting down plugin 'CSV'
2021-04-11 09:25:36 2887 [Note] Shutting down plugin 'sha256_password'
2021-04-11 09:25:36 2887 [Note] Shutting down plugin 'mysql_old_password'
2021-04-11 09:25:36 2887 [Note] Shutting down plugin 'mysql_native_password'
2021-04-11 09:25:37 2887 [Note] Shutting down plugin 'binlog'
2021-04-11 09:25:37 2887 [Note] /data/user/0/ru.kslabs.ksweb/components/mysql/sbin/mysqld: Shutdown complete

2021-04-11 09:25:39 4245 [Note] Plugin 'FEDERATED' is disabled.
2021-04-11 09:25:39 4245 [Note] InnoDB: Using mutexes to ref count buffer pool pages
2021-04-11 09:25:39 4245 [Note] InnoDB: The InnoDB memory heap is disabled
2021-04-11 09:25:39 4245 [Note] InnoDB: Mutexes and rw_locks use InnoDB's own implementation
2021-04-11 09:25:39 4245 [Note] InnoDB: Memory barrier is not used
2021-04-11 09:25:39 4245 [Warning] InnoDB: MySQL was built without a memory barrier capability on this architecture, which might allow a mutex/rw_lock violation under high thread concurrency. This may cause a hang.
2021-04-11 09:25:39 4245 [Note] InnoDB: Compressed tables use zlib 1.2.3
2021-04-11 09:25:39 4245 [Note] InnoDB: Not using CPU crc32 instructions
2021-04-11 09:25:39 4245 [Note] InnoDB: Initializing buffer pool, size = 128.0M
2021-04-11 09:25:39 4245 [Note] InnoDB: Completed initialization of buffer pool
2021-04-11 09:25:39 4245 [Note] InnoDB: Highest supported file format is Barracuda.
2021-04-11 09:25:39 4245 [Note] InnoDB: 128 rollback segment(s) are active.
2021-04-11 09:25:39 4245 [Note] InnoDB: Waiting for purge to start
2021-04-11 09:25:39 4245 [Note] InnoDB: 5.6.38 started; log sequence number 1626017
2021-04-11 09:25:39 4245 [Note] Server hostname (bind-address): '*'; port: 3306
2021-04-11 09:25:39 4245 [Note] IPv6 is available.
2021-04-11 09:25:39 4245 [Note]   - '::' resolves to '::';
2021-04-11 09:25:39 4245 [Note] Server socket created on IP: '::'.
2021-04-11 09:25:40 4245 [Note] Event Scheduler: Loaded 0 events
2021-04-11 09:25:40 4245 [Note] /data/user/0/ru.kslabs.ksweb/components/mysql/sbin/mysqld: ready for connections.
Version: '5.6.38'  socket: '/data/data/ru.kslabs.ksweb/tmp/mysql.sock'  port: 3306  Source distribution
2021-04-11 09:27:45 4245 [Note] /data/user/0/ru.kslabs.ksweb/components/mysql/sbin/mysqld: Normal shutdown

2021-04-11 09:27:45 4245 [Note] Giving 0 client threads a chance to die gracefully
2021-04-11 09:27:45 4245 [Note] Event Scheduler: Purging the queue. 0 events
2021-04-11 09:27:45 4245 [Note] Shutting down slave threads
2021-04-11 09:27:45 4245 [Note] Forcefully disconnecting 0 remaining clients
2021-04-11 09:27:45 4245 [Note] Binlog end
2021-04-11 09:27:45 4245 [Note] Shutting down plugin 'partition'
2021-04-11 09:27:45 4245 [Note] Shutting down plugin 'PERFORMANCE_SCHEMA'
2021-04-11 09:27:45 4245 [Note] Shutting down plugin 'BLACKHOLE'
2021-04-11 09:27:45 4245 [Note] Shutting down plugin 'ARCHIVE'
2021-04-11 09:27:45 4245 [Note] Shutting down plugin 'INNODB_SYS_DATAFILES'
2021-04-11 09:27:45 4245 [Note] Shutting down plugin 'INNODB_SYS_TABLESPACES'
2021-04-11 09:27:45 4245 [Note] Shutting down plugin 'INNODB_SYS_FOREIGN_COLS'
2021-04-11 09:27:45 4245 [Note] Shutting down plugin 'INNODB_SYS_FOREIGN'
2021-04-11 09:27:45 4245 [Note] Shutting down plugin 'INNODB_SYS_FIELDS'
2021-04-11 09:27:45 4245 [Note] Shutting down plugin 'INNODB_SYS_COLUMNS'
2021-04-11 09:27:45 4245 [Note] Shutting down plugin 'INNODB_SYS_INDEXES'
2021-04-11 09:27:45 4245 [Note] Shutting down plugin 'INNODB_SYS_TABLESTATS'
2021-04-11 09:27:45 4245 [Note] Shutting down plugin 'INNODB_SYS_TABLES'
2021-04-11 09:27:45 4245 [Note] Shutting down plugin 'INNODB_FT_INDEX_TABLE'
2021-04-11 09:27:45 4245 [Note] Shutting down plugin 'INNODB_FT_INDEX_CACHE'
2021-04-11 09:27:45 4245 [Note] Shutting down plugin 'INNODB_FT_CONFIG'
2021-04-11 09:27:45 4245 [Note] Shutting down plugin 'INNODB_FT_BEING_DELETED'
2021-04-11 09:27:45 4245 [Note] Shutting down plugin 'INNODB_FT_DELETED'
2021-04-11 09:27:45 4245 [Note] Shutting down plugin 'INNODB_FT_DEFAULT_STOPWORD'
2021-04-11 09:27:45 4245 [Note] Shutting down plugin 'INNODB_METRICS'
2021-04-11 09:27:45 4245 [Note] Shutting down plugin 'INNODB_BUFFER_POOL_STATS'
2021-04-11 09:27:45 4245 [Note] Shutting down plugin 'INNODB_BUFFER_PAGE_LRU'
2021-04-11 09:27:45 4245 [Note] Shutting down plugin 'INNODB_BUFFER_PAGE'
2021-04-11 09:27:45 4245 [Note] Shutting down plugin 'INNODB_CMP_PER_INDEX_RESET'
2021-04-11 09:27:45 4245 [Note] Shutting down plugin 'INNODB_CMP_PER_INDEX'
2021-04-11 09:27:45 4245 [Note] Shutting down plugin 'INNODB_CMPMEM_RESET'
2021-04-11 09:27:45 4245 [Note] Shutting down plugin 'INNODB_CMPMEM'
2021-04-11 09:27:45 4245 [Note] Shutting down plugin 'INNODB_CMP_RESET'
2021-04-11 09:27:45 4245 [Note] Shutting down plugin 'INNODB_CMP'
2021-04-11 09:27:45 4245 [Note] Shutting down plugin 'INNODB_LOCK_WAITS'
2021-04-11 09:27:45 4245 [Note] Shutting down plugin 'INNODB_LOCKS'
2021-04-11 09:27:45 4245 [Note] Shutting down plugin 'INNODB_TRX'
2021-04-11 09:27:45 4245 [Note] Shutting down plugin 'InnoDB'
2021-04-11 09:27:45 4245 [Note] InnoDB: FTS optimize thread exiting.
2021-04-11 09:27:45 4245 [Note] InnoDB: Starting shutdown...
2021-04-11 09:27:46 4245 [Note] InnoDB: Shutdown completed; log sequence number 1626027
2021-04-11 09:27:46 4245 [Note] Shutting down plugin 'MRG_MYISAM'
2021-04-11 09:27:46 4245 [Note] Shutting down plugin 'MyISAM'
2021-04-11 09:27:46 4245 [Note] Shutting down plugin 'MEMORY'
2021-04-11 09:27:46 4245 [Note] Shutting down plugin 'CSV'
2021-04-11 09:27:46 4245 [Note] Shutting down plugin 'sha256_password'
2021-04-11 09:27:46 4245 [Note] Shutting down plugin 'mysql_old_password'
2021-04-11 09:27:46 4245 [Note] Shutting down plugin 'mysql_native_password'
2021-04-11 09:27:46 4245 [Note] Shutting down plugin 'binlog'
2021-04-11 09:27:46 4245 [Note] /data/user/0/ru.kslabs.ksweb/components/mysql/sbin/mysqld: Shutdown complete

2021-04-11 09:27:49 6461 [Note] Plugin 'FEDERATED' is disabled.
2021-04-11 09:27:49 6461 [Note] InnoDB: Using mutexes to ref count buffer pool pages
2021-04-11 09:27:49 6461 [Note] InnoDB: The InnoDB memory heap is disabled
2021-04-11 09:27:49 6461 [Note] InnoDB: Mutexes and rw_locks use InnoDB's own implementation
2021-04-11 09:27:49 6461 [Note] InnoDB: Memory barrier is not used
2021-04-11 09:27:49 6461 [Warning] InnoDB: MySQL was built without a memory barrier capability on this architecture, which might allow a mutex/rw_lock violation under high thread concurrency. This may cause a hang.
2021-04-11 09:27:49 6461 [Note] InnoDB: Compressed tables use zlib 1.2.3
2021-04-11 09:27:49 6461 [Note] InnoDB: Not using CPU crc32 instructions
2021-04-11 09:27:49 6461 [Note] InnoDB: Initializing buffer pool, size = 128.0M
2021-04-11 09:27:49 6461 [Note] InnoDB: Completed initialization of buffer pool
2021-04-11 09:27:49 6461 [Note] InnoDB: Highest supported file format is Barracuda.
2021-04-11 09:27:49 6461 [Note] InnoDB: 128 rollback segment(s) are active.
2021-04-11 09:27:49 6461 [Note] InnoDB: Waiting for purge to start
2021-04-11 09:27:49 6461 [Note] InnoDB: 5.6.38 started; log sequence number 1626027
2021-04-11 09:27:49 6461 [Note] Server hostname (bind-address): '*'; port: 3306
2021-04-11 09:27:49 6461 [Note] IPv6 is available.
2021-04-11 09:27:49 6461 [Note]   - '::' resolves to '::';
2021-04-11 09:27:49 6461 [Note] Server socket created on IP: '::'.
2021-04-11 09:27:49 6461 [Note] Event Scheduler: Loaded 0 events
2021-04-11 09:27:49 6461 [Note] /data/user/0/ru.kslabs.ksweb/components/mysql/sbin/mysqld: ready for connections.
Version: '5.6.38'  socket: '/data/data/ru.kslabs.ksweb/tmp/mysql.sock'  port: 3306  Source distribution
2021-04-11 10:02:34 6461 [Note] /data/user/0/ru.kslabs.ksweb/components/mysql/sbin/mysqld: Normal shutdown

2021-04-11 10:02:34 6461 [Note] Giving 0 client threads a chance to die gracefully
2021-04-11 10:02:34 6461 [Note] Event Scheduler: Purging the queue. 0 events
2021-04-11 10:02:34 6461 [Note] Shutting down slave threads
2021-04-11 10:02:34 6461 [Note] Forcefully disconnecting 0 remaining clients
2021-04-11 10:02:34 6461 [Note] Binlog end
2021-04-11 10:02:34 6461 [Note] Shutting down plugin 'partition'
2021-04-11 10:02:34 6461 [Note] Shutting down plugin 'PERFORMANCE_SCHEMA'
2021-04-11 10:02:34 6461 [Note] Shutting down plugin 'BLACKHOLE'
2021-04-11 10:02:34 6461 [Note] Shutting down plugin 'ARCHIVE'
2021-04-11 10:02:34 6461 [Note] Shutting down plugin 'INNODB_SYS_DATAFILES'
2021-04-11 10:02:34 6461 [Note] Shutting down plugin 'INNODB_SYS_TABLESPACES'
2021-04-11 10:02:34 6461 [Note] Shutting down plugin 'INNODB_SYS_FOREIGN_COLS'
2021-04-11 10:02:34 6461 [Note] Shutting down plugin 'INNODB_SYS_FOREIGN'
2021-04-11 10:02:34 6461 [Note] Shutting down plugin 'INNODB_SYS_FIELDS'
2021-04-11 10:02:34 6461 [Note] Shutting down plugin 'INNODB_SYS_COLUMNS'
2021-04-11 10:02:34 6461 [Note] Shutting down plugin 'INNODB_SYS_INDEXES'
2021-04-11 10:02:34 6461 [Note] Shutting down plugin 'INNODB_SYS_TABLESTATS'
2021-04-11 10:02:34 6461 [Note] Shutting down plugin 'INNODB_SYS_TABLES'
2021-04-11 10:02:34 6461 [Note] Shutting down plugin 'INNODB_FT_INDEX_TABLE'
2021-04-11 10:02:34 6461 [Note] Shutting down plugin 'INNODB_FT_INDEX_CACHE'
2021-04-11 10:02:34 6461 [Note] Shutting down plugin 'INNODB_FT_CONFIG'
2021-04-11 10:02:34 6461 [Note] Shutting down plugin 'INNODB_FT_BEING_DELETED'
2021-04-11 10:02:34 6461 [Note] Shutting down plugin 'INNODB_FT_DELETED'
2021-04-11 10:02:34 6461 [Note] Shutting down plugin 'INNODB_FT_DEFAULT_STOPWORD'
2021-04-11 10:02:34 6461 [Note] Shutting down plugin 'INNODB_METRICS'
2021-04-11 10:02:34 6461 [Note] Shutting down plugin 'INNODB_BUFFER_POOL_STATS'
2021-04-11 10:02:34 6461 [Note] Shutting down plugin 'INNODB_BUFFER_PAGE_LRU'
2021-04-11 10:02:34 6461 [Note] Shutting down plugin 'INNODB_BUFFER_PAGE'
2021-04-11 10:02:34 6461 [Note] Shutting down plugin 'INNODB_CMP_PER_INDEX_RESET'
2021-04-11 10:02:34 6461 [Note] Shutting down plugin 'INNODB_CMP_PER_INDEX'
2021-04-11 10:02:34 6461 [Note] Shutting down plugin 'INNODB_CMPMEM_RESET'
2021-04-11 10:02:34 6461 [Note] Shutting down plugin 'INNODB_CMPMEM'
2021-04-11 10:02:34 6461 [Note] Shutting down plugin 'INNODB_CMP_RESET'
2021-04-11 10:02:34 6461 [Note] Shutting down plugin 'INNODB_CMP'
2021-04-11 10:02:34 6461 [Note] Shutting down plugin 'INNODB_LOCK_WAITS'
2021-04-11 10:02:34 6461 [Note] Shutting down plugin 'INNODB_LOCKS'
2021-04-11 10:02:34 6461 [Note] Shutting down plugin 'INNODB_TRX'
2021-04-11 10:02:34 6461 [Note] Shutting down plugin 'InnoDB'
2021-04-11 10:02:34 6461 [Note] InnoDB: FTS optimize thread exiting.
2021-04-11 10:02:34 6461 [Note] InnoDB: Starting shutdown...
2021-04-11 10:02:36 6461 [Note] InnoDB: Shutdown completed; log sequence number 1626037
2021-04-11 10:02:36 6461 [Note] Shutting down plugin 'MRG_MYISAM'
2021-04-11 10:02:36 6461 [Note] Shutting down plugin 'MyISAM'
2021-04-11 10:02:36 6461 [Note] Shutting down plugin 'MEMORY'
2021-04-11 10:02:36 6461 [Note] Shutting down plugin 'CSV'
2021-04-11 10:02:36 6461 [Note] Shutting down plugin 'sha256_password'
2021-04-11 10:02:36 6461 [Note] Shutting down plugin 'mysql_old_password'
2021-04-11 10:02:36 6461 [Note] Shutting down plugin 'mysql_native_password'
2021-04-11 10:02:36 6461 [Note] Shutting down plugin 'binlog'
2021-04-11 10:02:36 6461 [Note] /data/user/0/ru.kslabs.ksweb/components/mysql/sbin/mysqld: Shutdown complete

